librime\build\ALL_BUILD.vcxproj:    <WindowsTargetPlatformVersion>10.0.26100.0</WindowsTargetPlatformVersion>
librime\build\CMakeFiles\3.31.6-msvc6\CompilerIdC\CompilerIdC.vcxproj:    <WindowsTargetPlatformVersion>10.0.26100.0</WindowsTargetPlatformVersion>
librime\build\CMakeFiles\3.31.6-msvc6\CompilerIdCXX\CompilerIdCXX.vcxproj:    <WindowsTargetPlatformVersion>10.0.26100.0</WindowsTargetPlatformVersion>
librime\build\CMakeFiles\3.31.6-msvc6\VCTargetsPath.vcxproj:		<WindowsTargetPlatformVersion>10.0.26100.0</WindowsTargetPlatformVersion>
librime\build\INSTALL.vcxproj:    <WindowsTargetPlatformVersion>10.0.26100.0</WindowsTargetPlatformVersion>
librime\build\plugins\INSTALL.vcxproj:    <WindowsTargetPlatformVersion>10.0.26100.0</WindowsTargetPlatformVersion>
librime\build\proto\INSTALL.vcxproj:    <WindowsTargetPlatformVersion>10.0.26100.0</WindowsTargetPlatformVersion>
librime\build\proto\rime-proto-objs.vcxproj:    <WindowsTargetPlatformVersion>10.0.26100.0</WindowsTargetPlatformVersion>
librime\build\src\INSTALL.vcxproj:    <WindowsTargetPlatformVersion>10.0.26100.0</WindowsTargetPlatformVersion>
librime\build\src\rime.vcxproj:    <WindowsTargetPlatformVersion>10.0.26100.0</WindowsTargetPlatformVersion>
librime\build\tools\INSTALL.vcxproj:    <WindowsTargetPlatformVersion>10.0.26100.0</WindowsTargetPlatformVersion>
librime\build\tools\rime_api_console.vcxproj:    <WindowsTargetPlatformVersion>10.0.26100.0</WindowsTargetPlatformVersion>
librime\build\tools\rime_patch.vcxproj:    <WindowsTargetPlatformVersion>10.0.26100.0</WindowsTargetPlatformVersion>
librime\build\tools\rime_proto_console.vcxproj:    <WindowsTargetPlatformVersion>10.0.26100.0</WindowsTargetPlatformVersion>
librime\build\uninstall.vcxproj:    <WindowsTargetPlatformVersion>10.0.26100.0</WindowsTargetPlatformVersion>
librime\build\ZERO_CHECK.vcxproj:    <WindowsTargetPlatformVersion>10.0.26100.0</WindowsTargetPlatformVersion>
librime\build-v141\ALL_BUILD.vcxproj:    <WindowsTargetPlatformVersion>10.0.26100.0</WindowsTargetPlatformVersion>
librime\build-v141\CMakeFiles\3.31.6-msvc6\CompilerIdC\CompilerIdC.vcxproj:    <WindowsTargetPlatformVersion>10.0.26100.0</WindowsTargetPlatformVersion>
librime\build-v141\CMakeFiles\3.31.6-msvc6\CompilerIdCXX\CompilerIdCXX.vcxproj:    <WindowsTargetPlatformVersion>10.0.26100.0</WindowsTargetPlatformVersion>
librime\build-v141\CMakeFiles\3.31.6-msvc6\VCTargetsPath.vcxproj:		<WindowsTargetPlatformVersion>10.0.26100.0</WindowsTargetPlatformVersion>
librime\build-v141\INSTALL.vcxproj:    <WindowsTargetPlatformVersion>10.0.26100.0</WindowsTargetPlatformVersion>
librime\build-v141\plugins\INSTALL.vcxproj:    <WindowsTargetPlatformVersion>10.0.26100.0</WindowsTargetPlatformVersion>
librime\build-v141\proto\INSTALL.vcxproj:    <WindowsTargetPlatformVersion>10.0.26100.0</WindowsTargetPlatformVersion>
librime\build-v141\proto\rime-proto-objs.vcxproj:    <WindowsTargetPlatformVersion>10.0.26100.0</WindowsTargetPlatformVersion>
librime\build-v141\src\INSTALL.vcxproj:    <WindowsTargetPlatformVersion>10.0.26100.0</WindowsTargetPlatformVersion>
librime\build-v141\src\rime.vcxproj:    <WindowsTargetPlatformVersion>10.0.26100.0</WindowsTargetPlatformVersion>
librime\build-v141\tools\INSTALL.vcxproj:    <WindowsTargetPlatformVersion>10.0.26100.0</WindowsTargetPlatformVersion>
librime\build-v141\tools\rime_api_console.vcxproj:    <WindowsTargetPlatformVersion>10.0.26100.0</WindowsTargetPlatformVersion>
librime\build-v141\tools\rime_patch.vcxproj:    <WindowsTargetPlatformVersion>10.0.26100.0</WindowsTargetPlatformVersion>
librime\build-v141\tools\rime_proto_console.vcxproj:    <WindowsTargetPlatformVersion>10.0.26100.0</WindowsTargetPlatformVersion>
librime\build-v141\uninstall.vcxproj:    <WindowsTargetPlatformVersion>10.0.26100.0</WindowsTargetPlatformVersion>
librime\build-v141\ZERO_CHECK.vcxproj:    <WindowsTargetPlatformVersion>10.0.26100.0</WindowsTargetPlatformVersion>
librime\build-vs\CMakeFiles\3.31.6-msvc6\VCTargetsPath.vcxproj:		<WindowsTargetPlatformVersion>10.0.26100.0</WindowsTargetPlatformVersion>
librime\build_v141\CMakeFiles\3.31.6-msvc6\CompilerIdC\CompilerIdC.vcxproj:    <WindowsTargetPlatformVersion>10.0.26100.0</WindowsTargetPlatformVersion>
librime\build_v141\CMakeFiles\3.31.6-msvc6\CompilerIdCXX\CompilerIdCXX.vcxproj:    <WindowsTargetPlatformVersion>10.0.26100.0</WindowsTargetPlatformVersion>
librime\build_v141\CMakeFiles\3.31.6-msvc6\VCTargetsPath.vcxproj:		<WindowsTargetPlatformVersion>10.0.26100.0</WindowsTargetPlatformVersion>
librime\build_Win32\CMakeFiles\3.31.6-msvc6\CompilerIdC\CompilerIdC.vcxproj:    <WindowsTargetPlatformVersion>10.0.26100.0</WindowsTargetPlatformVersion>
librime\build_Win32\CMakeFiles\3.31.6-msvc6\CompilerIdCXX\CompilerIdCXX.vcxproj:    <WindowsTargetPlatformVersion>10.0.26100.0</WindowsTargetPlatformVersion>
librime\build_Win32\CMakeFiles\3.31.6-msvc6\VCTargetsPath.vcxproj:		<WindowsTargetPlatformVersion>10.0.26100.0</WindowsTargetPlatformVersion>
librime\build_x64\CMakeFiles\3.31.6-msvc6\CompilerIdC\CompilerIdC.vcxproj:    <WindowsTargetPlatformVersion>10.0.26100.0</WindowsTargetPlatformVersion>
librime\build_x64\CMakeFiles\3.31.6-msvc6\CompilerIdCXX\CompilerIdCXX.vcxproj:    <WindowsTargetPlatformVersion>10.0.26100.0</WindowsTargetPlatformVersion>
librime\build_x64\CMakeFiles\3.31.6-msvc6\VCTargetsPath.vcxproj:		<WindowsTargetPlatformVersion>10.0.26100.0</WindowsTargetPlatformVersion>
librime\deps\capnproto\build\ALL_BUILD.vcxproj:    <WindowsTargetPlatformVersion>10.0.26100.0</WindowsTargetPlatformVersion>
librime\deps\capnproto\build\CMakeFiles\3.31.6-msvc6\CompilerIdCXX\CompilerIdCXX.vcxproj:    <WindowsTargetPlatformVersion>10.0.26100.0</WindowsTargetPlatformVersion>
librime\deps\capnproto\build\CMakeFiles\3.31.6-msvc6\VCTargetsPath.vcxproj:		<WindowsTargetPlatformVersion>10.0.26100.0</WindowsTargetPlatformVersion>
librime\deps\capnproto\build\INSTALL.vcxproj:    <WindowsTargetPlatformVersion>10.0.26100.0</WindowsTargetPlatformVersion>
librime\deps\capnproto\build\src\capnp\capnp-json.vcxproj:    <WindowsTargetPlatformVersion>10.0.26100.0</WindowsTargetPlatformVersion>
librime\deps\capnproto\build\src\capnp\capnp-rpc.vcxproj:    <WindowsTargetPlatformVersion>10.0.26100.0</WindowsTargetPlatformVersion>
librime\deps\capnproto\build\src\capnp\capnp-websocket.vcxproj:    <WindowsTargetPlatformVersion>10.0.26100.0</WindowsTargetPlatformVersion>
librime\deps\capnproto\build\src\capnp\capnp.vcxproj:    <WindowsTargetPlatformVersion>10.0.26100.0</WindowsTargetPlatformVersion>
librime\deps\capnproto\build\src\capnp\capnpc.vcxproj:    <WindowsTargetPlatformVersion>10.0.26100.0</WindowsTargetPlatformVersion>
librime\deps\capnproto\build\src\capnp\capnpc_capnp.vcxproj:    <WindowsTargetPlatformVersion>10.0.26100.0</WindowsTargetPlatformVersion>
librime\deps\capnproto\build\src\capnp\capnpc_cpp.vcxproj:    <WindowsTargetPlatformVersion>10.0.26100.0</WindowsTargetPlatformVersion>
librime\deps\capnproto\build\src\capnp\capnp_tool.vcxproj:    <WindowsTargetPlatformVersion>10.0.26100.0</WindowsTargetPlatformVersion>
librime\deps\capnproto\build\src\capnp\INSTALL.vcxproj:    <WindowsTargetPlatformVersion>10.0.26100.0</WindowsTargetPlatformVersion>
librime\deps\capnproto\build\src\INSTALL.vcxproj:    <WindowsTargetPlatformVersion>10.0.26100.0</WindowsTargetPlatformVersion>
librime\deps\capnproto\build\src\kj\INSTALL.vcxproj:    <WindowsTargetPlatformVersion>10.0.26100.0</WindowsTargetPlatformVersion>
librime\deps\capnproto\build\src\kj\kj-async.vcxproj:    <WindowsTargetPlatformVersion>10.0.26100.0</WindowsTargetPlatformVersion>
librime\deps\capnproto\build\src\kj\kj-gzip.vcxproj:    <WindowsTargetPlatformVersion>10.0.26100.0</WindowsTargetPlatformVersion>
librime\deps\capnproto\build\src\kj\kj-http.vcxproj:    <WindowsTargetPlatformVersion>10.0.26100.0</WindowsTargetPlatformVersion>
librime\deps\capnproto\build\src\kj\kj-test.vcxproj:    <WindowsTargetPlatformVersion>10.0.26100.0</WindowsTargetPlatformVersion>
librime\deps\capnproto\build\src\kj\kj-tls.vcxproj:    <WindowsTargetPlatformVersion>10.0.26100.0</WindowsTargetPlatformVersion>
librime\deps\capnproto\build\src\kj\kj.vcxproj:    <WindowsTargetPlatformVersion>10.0.26100.0</WindowsTargetPlatformVersion>
librime\deps\capnproto\build\ZERO_CHECK.vcxproj:    <WindowsTargetPlatformVersion>10.0.26100.0</WindowsTargetPlatformVersion>
librime\deps\capnproto\build-v141\ALL_BUILD.vcxproj:    <WindowsTargetPlatformVersion>10.0.26100.0</WindowsTargetPlatformVersion>
librime\deps\capnproto\build-v141\c++\ALL_BUILD.vcxproj:    <WindowsTargetPlatformVersion>10.0.26100.0</WindowsTargetPlatformVersion>
librime\deps\capnproto\build-v141\c++\INSTALL.vcxproj:    <WindowsTargetPlatformVersion>10.0.26100.0</WindowsTargetPlatformVersion>
librime\deps\capnproto\build-v141\c++\RUN_TESTS.vcxproj:    <WindowsTargetPlatformVersion>10.0.26100.0</WindowsTargetPlatformVersion>
librime\deps\capnproto\build-v141\c++\src\capnp\capnp-evolution-tests.vcxproj:    <WindowsTargetPlatformVersion>10.0.26100.0</WindowsTargetPlatformVersion>
librime\deps\capnproto\build-v141\c++\src\capnp\capnp-heavy-tests.vcxproj:    <WindowsTargetPlatformVersion>10.0.26100.0</WindowsTargetPlatformVersion>
librime\deps\capnproto\build-v141\c++\src\capnp\capnp-json.vcxproj:    <WindowsTargetPlatformVersion>10.0.26100.0</WindowsTargetPlatformVersion>
librime\deps\capnproto\build-v141\c++\src\capnp\capnp-rpc.vcxproj:    <WindowsTargetPlatformVersion>10.0.26100.0</WindowsTargetPlatformVersion>
librime\deps\capnproto\build-v141\c++\src\capnp\capnp-tests.vcxproj:    <WindowsTargetPlatformVersion>10.0.26100.0</WindowsTargetPlatformVersion>
librime\deps\capnproto\build-v141\c++\src\capnp\capnp-websocket.vcxproj:    <WindowsTargetPlatformVersion>10.0.26100.0</WindowsTargetPlatformVersion>
librime\deps\capnproto\build-v141\c++\src\capnp\capnp.vcxproj:    <WindowsTargetPlatformVersion>10.0.26100.0</WindowsTargetPlatformVersion>
librime\deps\capnproto\build-v141\c++\src\capnp\capnpc.vcxproj:    <WindowsTargetPlatformVersion>10.0.26100.0</WindowsTargetPlatformVersion>
librime\deps\capnproto\build-v141\c++\src\capnp\capnpc_capnp.vcxproj:    <WindowsTargetPlatformVersion>10.0.26100.0</WindowsTargetPlatformVersion>
librime\deps\capnproto\build-v141\c++\src\capnp\capnpc_cpp.vcxproj:    <WindowsTargetPlatformVersion>10.0.26100.0</WindowsTargetPlatformVersion>
librime\deps\capnproto\build-v141\c++\src\capnp\capnp_tool.vcxproj:    <WindowsTargetPlatformVersion>10.0.26100.0</WindowsTargetPlatformVersion>
librime\deps\capnproto\build-v141\c++\src\capnp\INSTALL.vcxproj:    <WindowsTargetPlatformVersion>10.0.26100.0</WindowsTargetPlatformVersion>
librime\deps\capnproto\build-v141\c++\src\capnp\RUN_TESTS.vcxproj:    <WindowsTargetPlatformVersion>10.0.26100.0</WindowsTargetPlatformVersion>
librime\deps\capnproto\build-v141\c++\src\capnp\test_capnp.vcxproj:    <WindowsTargetPlatformVersion>10.0.26100.0</WindowsTargetPlatformVersion>
librime\deps\capnproto\build-v141\c++\src\check.vcxproj:    <WindowsTargetPlatformVersion>10.0.26100.0</WindowsTargetPlatformVersion>
librime\deps\capnproto\build-v141\c++\src\INSTALL.vcxproj:    <WindowsTargetPlatformVersion>10.0.26100.0</WindowsTargetPlatformVersion>
librime\deps\capnproto\build-v141\c++\src\kj\INSTALL.vcxproj:    <WindowsTargetPlatformVersion>10.0.26100.0</WindowsTargetPlatformVersion>
librime\deps\capnproto\build-v141\c++\src\kj\kj-async.vcxproj:    <WindowsTargetPlatformVersion>10.0.26100.0</WindowsTargetPlatformVersion>
librime\deps\capnproto\build-v141\c++\src\kj\kj-gzip.vcxproj:    <WindowsTargetPlatformVersion>10.0.26100.0</WindowsTargetPlatformVersion>
librime\deps\capnproto\build-v141\c++\src\kj\kj-heavy-tests.vcxproj:    <WindowsTargetPlatformVersion>10.0.26100.0</WindowsTargetPlatformVersion>
librime\deps\capnproto\build-v141\c++\src\kj\kj-http.vcxproj:    <WindowsTargetPlatformVersion>10.0.26100.0</WindowsTargetPlatformVersion>
librime\deps\capnproto\build-v141\c++\src\kj\kj-test.vcxproj:    <WindowsTargetPlatformVersion>10.0.26100.0</WindowsTargetPlatformVersion>
librime\deps\capnproto\build-v141\c++\src\kj\kj-tests.vcxproj:    <WindowsTargetPlatformVersion>10.0.26100.0</WindowsTargetPlatformVersion>
librime\deps\capnproto\build-v141\c++\src\kj\kj-tls.vcxproj:    <WindowsTargetPlatformVersion>10.0.26100.0</WindowsTargetPlatformVersion>
librime\deps\capnproto\build-v141\c++\src\kj\kj.vcxproj:    <WindowsTargetPlatformVersion>10.0.26100.0</WindowsTargetPlatformVersion>
librime\deps\capnproto\build-v141\c++\src\kj\RUN_TESTS.vcxproj:    <WindowsTargetPlatformVersion>10.0.26100.0</WindowsTargetPlatformVersion>
librime\deps\capnproto\build-v141\c++\src\RUN_TESTS.vcxproj:    <WindowsTargetPlatformVersion>10.0.26100.0</WindowsTargetPlatformVersion>
librime\deps\capnproto\build-v141\CMakeFiles\3.31.6-msvc6\CompilerIdCXX\CompilerIdCXX.vcxproj:    <WindowsTargetPlatformVersion>10.0.26100.0</WindowsTargetPlatformVersion>
librime\deps\capnproto\build-v141\CMakeFiles\3.31.6-msvc6\VCTargetsPath.vcxproj:		<WindowsTargetPlatformVersion>10.0.26100.0</WindowsTargetPlatformVersion>
librime\deps\capnproto\build-v141\Continuous.vcxproj:    <WindowsTargetPlatformVersion>10.0.26100.0</WindowsTargetPlatformVersion>
librime\deps\capnproto\build-v141\Experimental.vcxproj:    <WindowsTargetPlatformVersion>10.0.26100.0</WindowsTargetPlatformVersion>
librime\deps\capnproto\build-v141\INSTALL.vcxproj:    <WindowsTargetPlatformVersion>10.0.26100.0</WindowsTargetPlatformVersion>
librime\deps\capnproto\build-v141\Nightly.vcxproj:    <WindowsTargetPlatformVersion>10.0.26100.0</WindowsTargetPlatformVersion>
librime\deps\capnproto\build-v141\NightlyMemoryCheck.vcxproj:    <WindowsTargetPlatformVersion>10.0.26100.0</WindowsTargetPlatformVersion>
librime\deps\capnproto\build-v141\RUN_TESTS.vcxproj:    <WindowsTargetPlatformVersion>10.0.26100.0</WindowsTargetPlatformVersion>
librime\deps\capnproto\build-v141\ZERO_CHECK.vcxproj:    <WindowsTargetPlatformVersion>10.0.26100.0</WindowsTargetPlatformVersion>
librime\deps\capnproto\build_static\ALL_BUILD.vcxproj:    <WindowsTargetPlatformVersion>10.0.26100.0</WindowsTargetPlatformVersion>
librime\deps\capnproto\build_static\CMakeFiles\3.31.6-msvc6\CompilerIdCXX\CompilerIdCXX.vcxproj:    <WindowsTargetPlatformVersion>10.0.26100.0</WindowsTargetPlatformVersion>
librime\deps\capnproto\build_static\CMakeFiles\3.31.6-msvc6\VCTargetsPath.vcxproj:		<WindowsTargetPlatformVersion>10.0.26100.0</WindowsTargetPlatformVersion>
librime\deps\capnproto\build_static\INSTALL.vcxproj:    <WindowsTargetPlatformVersion>10.0.26100.0</WindowsTargetPlatformVersion>
librime\deps\capnproto\build_static\src\capnp\capnp-json.vcxproj:    <WindowsTargetPlatformVersion>10.0.26100.0</WindowsTargetPlatformVersion>
librime\deps\capnproto\build_static\src\capnp\capnp-rpc.vcxproj:    <WindowsTargetPlatformVersion>10.0.26100.0</WindowsTargetPlatformVersion>
librime\deps\capnproto\build_static\src\capnp\capnp-websocket.vcxproj:    <WindowsTargetPlatformVersion>10.0.26100.0</WindowsTargetPlatformVersion>
librime\deps\capnproto\build_static\src\capnp\capnp.vcxproj:    <WindowsTargetPlatformVersion>10.0.26100.0</WindowsTargetPlatformVersion>
librime\deps\capnproto\build_static\src\capnp\capnpc.vcxproj:    <WindowsTargetPlatformVersion>10.0.26100.0</WindowsTargetPlatformVersion>
librime\deps\capnproto\build_static\src\capnp\capnpc_capnp.vcxproj:    <WindowsTargetPlatformVersion>10.0.26100.0</WindowsTargetPlatformVersion>
librime\deps\capnproto\build_static\src\capnp\capnpc_cpp.vcxproj:    <WindowsTargetPlatformVersion>10.0.26100.0</WindowsTargetPlatformVersion>
librime\deps\capnproto\build_static\src\capnp\capnp_tool.vcxproj:    <WindowsTargetPlatformVersion>10.0.26100.0</WindowsTargetPlatformVersion>
librime\deps\capnproto\build_static\src\capnp\INSTALL.vcxproj:    <WindowsTargetPlatformVersion>10.0.26100.0</WindowsTargetPlatformVersion>
librime\deps\capnproto\build_static\src\INSTALL.vcxproj:    <WindowsTargetPlatformVersion>10.0.26100.0</WindowsTargetPlatformVersion>
librime\deps\capnproto\build_static\src\kj\INSTALL.vcxproj:    <WindowsTargetPlatformVersion>10.0.26100.0</WindowsTargetPlatformVersion>
librime\deps\capnproto\build_static\src\kj\kj-async.vcxproj:    <WindowsTargetPlatformVersion>10.0.26100.0</WindowsTargetPlatformVersion>
librime\deps\capnproto\build_static\src\kj\kj-gzip.vcxproj:    <WindowsTargetPlatformVersion>10.0.26100.0</WindowsTargetPlatformVersion>
librime\deps\capnproto\build_static\src\kj\kj-http.vcxproj:    <WindowsTargetPlatformVersion>10.0.26100.0</WindowsTargetPlatformVersion>
librime\deps\capnproto\build_static\src\kj\kj-test.vcxproj:    <WindowsTargetPlatformVersion>10.0.26100.0</WindowsTargetPlatformVersion>
librime\deps\capnproto\build_static\src\kj\kj-tls.vcxproj:    <WindowsTargetPlatformVersion>10.0.26100.0</WindowsTargetPlatformVersion>
librime\deps\capnproto\build_static\src\kj\kj.vcxproj:    <WindowsTargetPlatformVersion>10.0.26100.0</WindowsTargetPlatformVersion>
librime\deps\capnproto\build_static\ZERO_CHECK.vcxproj:    <WindowsTargetPlatformVersion>10.0.26100.0</WindowsTargetPlatformVersion>
librime\deps\glog\build-v141\ALL_BUILD.vcxproj:    <WindowsTargetPlatformVersion>10.0.26100.0</WindowsTargetPlatformVersion>
librime\deps\glog\build-v141\cleanup_immediately_unittest.vcxproj:    <WindowsTargetPlatformVersion>10.0.26100.0</WindowsTargetPlatformVersion>
librime\deps\glog\build-v141\cleanup_with_absolute_prefix_unittest.vcxproj:    <WindowsTargetPlatformVersion>10.0.26100.0</WindowsTargetPlatformVersion>
librime\deps\glog\build-v141\cleanup_with_relative_prefix_unittest.vcxproj:    <WindowsTargetPlatformVersion>10.0.26100.0</WindowsTargetPlatformVersion>
librime\deps\glog\build-v141\CMakeFiles\3.31.6-msvc6\CompilerIdCXX\CompilerIdCXX.vcxproj:    <WindowsTargetPlatformVersion>10.0.26100.0</WindowsTargetPlatformVersion>
librime\deps\glog\build-v141\CMakeFiles\3.31.6-msvc6\VCTargetsPath.vcxproj:		<WindowsTargetPlatformVersion>10.0.26100.0</WindowsTargetPlatformVersion>
librime\deps\glog\build-v141\Continuous.vcxproj:    <WindowsTargetPlatformVersion>10.0.26100.0</WindowsTargetPlatformVersion>
librime\deps\glog\build-v141\demangle_unittest.vcxproj:    <WindowsTargetPlatformVersion>10.0.26100.0</WindowsTargetPlatformVersion>
librime\deps\glog\build-v141\Experimental.vcxproj:    <WindowsTargetPlatformVersion>10.0.26100.0</WindowsTargetPlatformVersion>
librime\deps\glog\build-v141\glog.vcxproj:    <WindowsTargetPlatformVersion>10.0.26100.0</WindowsTargetPlatformVersion>
librime\deps\glog\build-v141\glogbase.vcxproj:    <WindowsTargetPlatformVersion>10.0.26100.0</WindowsTargetPlatformVersion>
librime\deps\glog\build-v141\glogtest.vcxproj:    <WindowsTargetPlatformVersion>10.0.26100.0</WindowsTargetPlatformVersion>
librime\deps\glog\build-v141\INSTALL.vcxproj:    <WindowsTargetPlatformVersion>10.0.26100.0</WindowsTargetPlatformVersion>
librime\deps\glog\build-v141\logging_custom_prefix_unittest.vcxproj:    <WindowsTargetPlatformVersion>10.0.26100.0</WindowsTargetPlatformVersion>
librime\deps\glog\build-v141\logging_unittest.vcxproj:    <WindowsTargetPlatformVersion>10.0.26100.0</WindowsTargetPlatformVersion>
librime\deps\glog\build-v141\Nightly.vcxproj:    <WindowsTargetPlatformVersion>10.0.26100.0</WindowsTargetPlatformVersion>
librime\deps\glog\build-v141\NightlyMemoryCheck.vcxproj:    <WindowsTargetPlatformVersion>10.0.26100.0</WindowsTargetPlatformVersion>
librime\deps\glog\build-v141\PACKAGE.vcxproj:    <WindowsTargetPlatformVersion>10.0.26100.0</WindowsTargetPlatformVersion>
librime\deps\glog\build-v141\RUN_TESTS.vcxproj:    <WindowsTargetPlatformVersion>10.0.26100.0</WindowsTargetPlatformVersion>
librime\deps\glog\build-v141\signalhandler_unittest.vcxproj:    <WindowsTargetPlatformVersion>10.0.26100.0</WindowsTargetPlatformVersion>
librime\deps\glog\build-v141\stacktrace_unittest.vcxproj:    <WindowsTargetPlatformVersion>10.0.26100.0</WindowsTargetPlatformVersion>
librime\deps\glog\build-v141\stl_logging_unittest.vcxproj:    <WindowsTargetPlatformVersion>10.0.26100.0</WindowsTargetPlatformVersion>
librime\deps\glog\build-v141\symbolize_unittest.vcxproj:    <WindowsTargetPlatformVersion>10.0.26100.0</WindowsTargetPlatformVersion>
librime\deps\glog\build-v141\utilities_unittest.vcxproj:    <WindowsTargetPlatformVersion>10.0.26100.0</WindowsTargetPlatformVersion>
librime\deps\glog\build-v141\ZERO_CHECK.vcxproj:    <WindowsTargetPlatformVersion>10.0.26100.0</WindowsTargetPlatformVersion>
librime\deps\glog\test-build\CMakeFiles\3.31.6-msvc6\CompilerIdCXX\CompilerIdCXX.vcxproj:    <WindowsTargetPlatformVersion>10.0.26100.0</WindowsTargetPlatformVersion>
librime\deps\glog\test-build\CMakeFiles\3.31.6-msvc6\VCTargetsPath.vcxproj:		<WindowsTargetPlatformVersion>10.0.26100.0</WindowsTargetPlatformVersion>
librime\deps\leveldb\build-v141\ALL_BUILD.vcxproj:    <WindowsTargetPlatformVersion>10.0.26100.0</WindowsTargetPlatformVersion>
librime\deps\leveldb\build-v141\CMakeFiles\3.31.6-msvc6\CompilerIdC\CompilerIdC.vcxproj:    <WindowsTargetPlatformVersion>10.0.26100.0</WindowsTargetPlatformVersion>
librime\deps\leveldb\build-v141\CMakeFiles\3.31.6-msvc6\CompilerIdCXX\CompilerIdCXX.vcxproj:    <WindowsTargetPlatformVersion>10.0.26100.0</WindowsTargetPlatformVersion>
librime\deps\leveldb\build-v141\CMakeFiles\3.31.6-msvc6\VCTargetsPath.vcxproj:		<WindowsTargetPlatformVersion>10.0.26100.0</WindowsTargetPlatformVersion>
librime\deps\leveldb\build-v141\INSTALL.vcxproj:    <WindowsTargetPlatformVersion>10.0.26100.0</WindowsTargetPlatformVersion>
librime\deps\leveldb\build-v141\leveldb.vcxproj:    <WindowsTargetPlatformVersion>10.0.26100.0</WindowsTargetPlatformVersion>
librime\deps\leveldb\build-v141\leveldbutil.vcxproj:    <WindowsTargetPlatformVersion>10.0.26100.0</WindowsTargetPlatformVersion>
librime\deps\leveldb\build-v141\ZERO_CHECK.vcxproj:    <WindowsTargetPlatformVersion>10.0.26100.0</WindowsTargetPlatformVersion>
librime\deps\marisa-trie\build-v141\ALL_BUILD.vcxproj:    <WindowsTargetPlatformVersion>10.0.26100.0</WindowsTargetPlatformVersion>
librime\deps\marisa-trie\build-v141\CMakeFiles\3.31.6-msvc6\CompilerIdC\CompilerIdC.vcxproj:    <WindowsTargetPlatformVersion>10.0.26100.0</WindowsTargetPlatformVersion>
librime\deps\marisa-trie\build-v141\CMakeFiles\3.31.6-msvc6\CompilerIdCXX\CompilerIdCXX.vcxproj:    <WindowsTargetPlatformVersion>10.0.26100.0</WindowsTargetPlatformVersion>
librime\deps\marisa-trie\build-v141\CMakeFiles\3.31.6-msvc6\VCTargetsPath.vcxproj:		<WindowsTargetPlatformVersion>10.0.26100.0</WindowsTargetPlatformVersion>
librime\deps\marisa-trie\build-v141\INSTALL.vcxproj:    <WindowsTargetPlatformVersion>10.0.26100.0</WindowsTargetPlatformVersion>
librime\deps\marisa-trie\build-v141\marisa.vcxproj:    <WindowsTargetPlatformVersion>10.0.26100.0</WindowsTargetPlatformVersion>
librime\deps\marisa-trie\build-v141\tools\INSTALL.vcxproj:    <WindowsTargetPlatformVersion>10.0.26100.0</WindowsTargetPlatformVersion>
librime\deps\marisa-trie\build-v141\tools\marisa-build.vcxproj:    <WindowsTargetPlatformVersion>10.0.26100.0</WindowsTargetPlatformVersion>
librime\deps\marisa-trie\build-v141\ZERO_CHECK.vcxproj:    <WindowsTargetPlatformVersion>10.0.26100.0</WindowsTargetPlatformVersion>
librime\deps\marisa-trie\vs2019\base-test\base-test.vcxproj:    <WindowsTargetPlatformVersion>10.0</WindowsTargetPlatformVersion>
librime\deps\marisa-trie\vs2019\io-test\io-test.vcxproj:    <WindowsTargetPlatformVersion>10.0</WindowsTargetPlatformVersion>
librime\deps\marisa-trie\vs2019\libmarisa\libmarisa.vcxproj:    <WindowsTargetPlatformVersion>10.0</WindowsTargetPlatformVersion>
librime\deps\marisa-trie\vs2019\marisa-benchmark\marisa-benchmark.vcxproj:    <WindowsTargetPlatformVersion>10.0</WindowsTargetPlatformVersion>
librime\deps\marisa-trie\vs2019\marisa-build\marisa-build.vcxproj:    <WindowsTargetPlatformVersion>10.0</WindowsTargetPlatformVersion>
librime\deps\marisa-trie\vs2019\marisa-common-prefix-search\marisa-common-prefix-search.vcxproj:    <WindowsTargetPlatformVersion>10.0</WindowsTargetPlatformVersion>
librime\deps\marisa-trie\vs2019\marisa-dump\marisa-dump.vcxproj:    <WindowsTargetPlatformVersion>10.0</WindowsTargetPlatformVersion>
librime\deps\marisa-trie\vs2019\marisa-lookup\marisa-lookup.vcxproj:    <WindowsTargetPlatformVersion>10.0</WindowsTargetPlatformVersion>
librime\deps\marisa-trie\vs2019\marisa-predictive-search\marisa-predictive-search.vcxproj:    <WindowsTargetPlatformVersion>10.0</WindowsTargetPlatformVersion>
librime\deps\marisa-trie\vs2019\marisa-reverse-lookup\marisa-reverse-lookup.vcxproj:    <WindowsTargetPlatformVersion>10.0</WindowsTargetPlatformVersion>
librime\deps\marisa-trie\vs2019\marisa-test\marisa-test.vcxproj:    <WindowsTargetPlatformVersion>10.0</WindowsTargetPlatformVersion>
librime\deps\marisa-trie\vs2019\trie-test\trie-test.vcxproj:    <WindowsTargetPlatformVersion>10.0</WindowsTargetPlatformVersion>
librime\deps\marisa-trie\vs2019\vector-test\vector-test.vcxproj:    <WindowsTargetPlatformVersion>10.0</WindowsTargetPlatformVersion>
librime\deps\opencc\build-v141\ALL_BUILD.vcxproj:    <WindowsTargetPlatformVersion>10.0.26100.0</WindowsTargetPlatformVersion>
librime\deps\opencc\build-v141\CMakeFiles\3.31.6-msvc6\CompilerIdCXX\CompilerIdCXX.vcxproj:    <WindowsTargetPlatformVersion>10.0.26100.0</WindowsTargetPlatformVersion>
librime\deps\opencc\build-v141\CMakeFiles\3.31.6-msvc6\VCTargetsPath.vcxproj:		<WindowsTargetPlatformVersion>10.0.26100.0</WindowsTargetPlatformVersion>
librime\deps\opencc\build-v141\data\copy_libopencc_to_dir_of_opencc_dict.vcxproj:    <WindowsTargetPlatformVersion>10.0.26100.0</WindowsTargetPlatformVersion>
librime\deps\opencc\build-v141\data\Dictionaries.vcxproj:    <WindowsTargetPlatformVersion>10.0.26100.0</WindowsTargetPlatformVersion>
librime\deps\opencc\build-v141\data\INSTALL.vcxproj:    <WindowsTargetPlatformVersion>10.0.26100.0</WindowsTargetPlatformVersion>
librime\deps\opencc\build-v141\data\PACKAGE.vcxproj:    <WindowsTargetPlatformVersion>10.0.26100.0</WindowsTargetPlatformVersion>
librime\deps\opencc\build-v141\deps\marisa-0.2.6\INSTALL.vcxproj:    <WindowsTargetPlatformVersion>10.0.26100.0</WindowsTargetPlatformVersion>
librime\deps\opencc\build-v141\deps\marisa-0.2.6\marisa.vcxproj:    <WindowsTargetPlatformVersion>10.0.26100.0</WindowsTargetPlatformVersion>
librime\deps\opencc\build-v141\deps\marisa-0.2.6\PACKAGE.vcxproj:    <WindowsTargetPlatformVersion>10.0.26100.0</WindowsTargetPlatformVersion>
librime\deps\opencc\build-v141\doc\INSTALL.vcxproj:    <WindowsTargetPlatformVersion>10.0.26100.0</WindowsTargetPlatformVersion>
librime\deps\opencc\build-v141\doc\PACKAGE.vcxproj:    <WindowsTargetPlatformVersion>10.0.26100.0</WindowsTargetPlatformVersion>
librime\deps\opencc\build-v141\INSTALL.vcxproj:    <WindowsTargetPlatformVersion>10.0.26100.0</WindowsTargetPlatformVersion>
librime\deps\opencc\build-v141\PACKAGE.vcxproj:    <WindowsTargetPlatformVersion>10.0.26100.0</WindowsTargetPlatformVersion>
librime\deps\opencc\build-v141\src\INSTALL.vcxproj:    <WindowsTargetPlatformVersion>10.0.26100.0</WindowsTargetPlatformVersion>
librime\deps\opencc\build-v141\src\libopencc.vcxproj:    <WindowsTargetPlatformVersion>10.0.26100.0</WindowsTargetPlatformVersion>
librime\deps\opencc\build-v141\src\PACKAGE.vcxproj:    <WindowsTargetPlatformVersion>10.0.26100.0</WindowsTargetPlatformVersion>
librime\deps\opencc\build-v141\src\tools\INSTALL.vcxproj:    <WindowsTargetPlatformVersion>10.0.26100.0</WindowsTargetPlatformVersion>
librime\deps\opencc\build-v141\src\tools\opencc.vcxproj:    <WindowsTargetPlatformVersion>10.0.26100.0</WindowsTargetPlatformVersion>
librime\deps\opencc\build-v141\src\tools\opencc_dict.vcxproj:    <WindowsTargetPlatformVersion>10.0.26100.0</WindowsTargetPlatformVersion>
librime\deps\opencc\build-v141\src\tools\opencc_phrase_extract.vcxproj:    <WindowsTargetPlatformVersion>10.0.26100.0</WindowsTargetPlatformVersion>
librime\deps\opencc\build-v141\src\tools\PACKAGE.vcxproj:    <WindowsTargetPlatformVersion>10.0.26100.0</WindowsTargetPlatformVersion>
librime\deps\opencc\build-v141\test\INSTALL.vcxproj:    <WindowsTargetPlatformVersion>10.0.26100.0</WindowsTargetPlatformVersion>
librime\deps\opencc\build-v141\test\PACKAGE.vcxproj:    <WindowsTargetPlatformVersion>10.0.26100.0</WindowsTargetPlatformVersion>
librime\deps\opencc\build-v141\ZERO_CHECK.vcxproj:    <WindowsTargetPlatformVersion>10.0.26100.0</WindowsTargetPlatformVersion>
librime\deps\yaml-cpp\build-v141\ALL_BUILD.vcxproj:    <WindowsTargetPlatformVersion>10.0.26100.0</WindowsTargetPlatformVersion>
librime\deps\yaml-cpp\build-v141\CMakeFiles\3.31.6-msvc6\CompilerIdC\CompilerIdC.vcxproj:    <WindowsTargetPlatformVersion>10.0.26100.0</WindowsTargetPlatformVersion>
librime\deps\yaml-cpp\build-v141\CMakeFiles\3.31.6-msvc6\CompilerIdCXX\CompilerIdCXX.vcxproj:    <WindowsTargetPlatformVersion>10.0.26100.0</WindowsTargetPlatformVersion>
librime\deps\yaml-cpp\build-v141\CMakeFiles\3.31.6-msvc6\VCTargetsPath.vcxproj:		<WindowsTargetPlatformVersion>10.0.26100.0</WindowsTargetPlatformVersion>
librime\deps\yaml-cpp\build-v141\Continuous.vcxproj:    <WindowsTargetPlatformVersion>10.0.26100.0</WindowsTargetPlatformVersion>
librime\deps\yaml-cpp\build-v141\Experimental.vcxproj:    <WindowsTargetPlatformVersion>10.0.26100.0</WindowsTargetPlatformVersion>
librime\deps\yaml-cpp\build-v141\INSTALL.vcxproj:    <WindowsTargetPlatformVersion>10.0.26100.0</WindowsTargetPlatformVersion>
librime\deps\yaml-cpp\build-v141\Nightly.vcxproj:    <WindowsTargetPlatformVersion>10.0.26100.0</WindowsTargetPlatformVersion>
librime\deps\yaml-cpp\build-v141\NightlyMemoryCheck.vcxproj:    <WindowsTargetPlatformVersion>10.0.26100.0</WindowsTargetPlatformVersion>
librime\deps\yaml-cpp\build-v141\RUN_TESTS.vcxproj:    <WindowsTargetPlatformVersion>10.0.26100.0</WindowsTargetPlatformVersion>
librime\deps\yaml-cpp\build-v141\test\INSTALL.vcxproj:    <WindowsTargetPlatformVersion>10.0.26100.0</WindowsTargetPlatformVersion>
librime\deps\yaml-cpp\build-v141\test\prefix\ALL_BUILD.vcxproj:    <WindowsTargetPlatformVersion>10.0.26100.0</WindowsTargetPlatformVersion>
librime\deps\yaml-cpp\build-v141\test\prefix\googlemock\ALL_BUILD.vcxproj:    <WindowsTargetPlatformVersion>10.0.26100.0</WindowsTargetPlatformVersion>
librime\deps\yaml-cpp\build-v141\test\prefix\googlemock\gmock.vcxproj:    <WindowsTargetPlatformVersion>10.0.26100.0</WindowsTargetPlatformVersion>
librime\deps\yaml-cpp\build-v141\test\prefix\googlemock\gmock_main.vcxproj:    <WindowsTargetPlatformVersion>10.0.26100.0</WindowsTargetPlatformVersion>
librime\deps\yaml-cpp\build-v141\test\prefix\googlemock\INSTALL.vcxproj:    <WindowsTargetPlatformVersion>10.0.26100.0</WindowsTargetPlatformVersion>
librime\deps\yaml-cpp\build-v141\test\prefix\googlemock\RUN_TESTS.vcxproj:    <WindowsTargetPlatformVersion>10.0.26100.0</WindowsTargetPlatformVersion>
librime\deps\yaml-cpp\build-v141\test\prefix\googletest\ALL_BUILD.vcxproj:    <WindowsTargetPlatformVersion>10.0.26100.0</WindowsTargetPlatformVersion>
librime\deps\yaml-cpp\build-v141\test\prefix\googletest\gtest.vcxproj:    <WindowsTargetPlatformVersion>10.0.26100.0</WindowsTargetPlatformVersion>
librime\deps\yaml-cpp\build-v141\test\prefix\googletest\gtest_main.vcxproj:    <WindowsTargetPlatformVersion>10.0.26100.0</WindowsTargetPlatformVersion>
librime\deps\yaml-cpp\build-v141\test\prefix\googletest\INSTALL.vcxproj:    <WindowsTargetPlatformVersion>10.0.26100.0</WindowsTargetPlatformVersion>
librime\deps\yaml-cpp\build-v141\test\prefix\googletest\RUN_TESTS.vcxproj:    <WindowsTargetPlatformVersion>10.0.26100.0</WindowsTargetPlatformVersion>
librime\deps\yaml-cpp\build-v141\test\prefix\INSTALL.vcxproj:    <WindowsTargetPlatformVersion>10.0.26100.0</WindowsTargetPlatformVersion>
librime\deps\yaml-cpp\build-v141\test\prefix\RUN_TESTS.vcxproj:    <WindowsTargetPlatformVersion>10.0.26100.0</WindowsTargetPlatformVersion>
librime\deps\yaml-cpp\build-v141\test\RUN_TESTS.vcxproj:    <WindowsTargetPlatformVersion>10.0.26100.0</WindowsTargetPlatformVersion>
librime\deps\yaml-cpp\build-v141\test\yaml-cpp-tests.vcxproj:    <WindowsTargetPlatformVersion>10.0.26100.0</WindowsTargetPlatformVersion>
librime\deps\yaml-cpp\build-v141\util\INSTALL.vcxproj:    <WindowsTargetPlatformVersion>10.0.26100.0</WindowsTargetPlatformVersion>
librime\deps\yaml-cpp\build-v141\util\RUN_TESTS.vcxproj:    <WindowsTargetPlatformVersion>10.0.26100.0</WindowsTargetPlatformVersion>
librime\deps\yaml-cpp\build-v141\util\yaml-cpp-parse.vcxproj:    <WindowsTargetPlatformVersion>10.0.26100.0</WindowsTargetPlatformVersion>
librime\deps\yaml-cpp\build-v141\util\yaml-cpp-read.vcxproj:    <WindowsTargetPlatformVersion>10.0.26100.0</WindowsTargetPlatformVersion>
librime\deps\yaml-cpp\build-v141\util\yaml-cpp-sandbox.vcxproj:    <WindowsTargetPlatformVersion>10.0.26100.0</WindowsTargetPlatformVersion>
librime\deps\yaml-cpp\build-v141\yaml-cpp.vcxproj:    <WindowsTargetPlatformVersion>10.0.26100.0</WindowsTargetPlatformVersion>
librime\deps\yaml-cpp\build-v141\ZERO_CHECK.vcxproj:    <WindowsTargetPlatformVersion>10.0.26100.0</WindowsTargetPlatformVersion>
